2023-08-09 22:16:22,112 [Worker-6: Loading available Gradle versions] INFO  o.e.b.c.i.u.g.PublishedGradleVersions - Gradle version information cache is out-of-date. Trying to update.
2023-08-09 22:17:02,110 [Worker-11: Launching mavenrun-84e139a9-0bac-4974-aabd-ed1c9c5f81c6] INFO  o.eclipse.m2e.core.internal.Bundles - getClasspathEntries(Bundle=org.eclipse.m2e.maven.runtime_3.8.604.20221130-2149 [603])
2023-08-09 22:17:02,113 [Worker-11: Launching mavenrun-84e139a9-0bac-4974-aabd-ed1c9c5f81c6] INFO  o.eclipse.m2e.core.internal.Bundles - 	Entry: C:\Users\GAURANG\.p2\pool\plugins\org.eclipse.m2e.maven.runtime_3.8.604.20221130-2149
2023-08-09 22:17:02,113 [Worker-11: Launching mavenrun-84e139a9-0bac-4974-aabd-ed1c9c5f81c6] INFO  o.eclipse.m2e.core.internal.Bundles - 	Entry: C:\Users\GAURANG\.p2\pool\plugins\org.eclipse.m2e.maven.runtime_3.8.604.20221130-2149\jars\aether-connector-okhttp-0.17.8.jar
2023-08-09 22:17:02,114 [Worker-11: Launching mavenrun-84e139a9-0bac-4974-aabd-ed1c9c5f81c6] INFO  o.eclipse.m2e.core.internal.Bundles - 	Entry: C:\Users\GAURANG\.p2\pool\plugins\org.eclipse.m2e.maven.runtime_3.8.604.20221130-2149\jars\commons-cli-1.4.jar
2023-08-09 22:17:02,114 [Worker-11: Launching mavenrun-84e139a9-0bac-4974-aabd-ed1c9c5f81c6] INFO  o.eclipse.m2e.core.internal.Bundles - 	Entry: C:\Users\GAURANG\.p2\pool\plugins\org.eclipse.m2e.maven.runtime_3.8.604.20221130-2149\jars\commons-io-2.6.jar
2023-08-09 22:17:02,114 [Worker-11: Launching mavenrun-84e139a9-0bac-4974-aabd-ed1c9c5f81c6] INFO  o.eclipse.m2e.core.internal.Bundles - 	Entry: C:\Users\GAURANG\.p2\pool\plugins\org.eclipse.m2e.maven.runtime_3.8.604.20221130-2149\jars\commons-lang3-3.8.1.jar
2023-08-09 22:17:02,114 [Worker-11: Launching mavenrun-84e139a9-0bac-4974-aabd-ed1c9c5f81c6] INFO  o.eclipse.m2e.core.internal.Bundles - 	Entry: C:\Users\GAURANG\.p2\pool\plugins\org.eclipse.m2e.maven.runtime_3.8.604.20221130-2149\jars\guice-4.2.2-no_aop.jar
2023-08-09 22:17:02,114 [Worker-11: Launching mavenrun-84e139a9-0bac-4974-aabd-ed1c9c5f81c6] INFO  o.eclipse.m2e.core.internal.Bundles - 	Entry: C:\Users\GAURANG\.p2\pool\plugins\org.eclipse.m2e.maven.runtime_3.8.604.20221130-2149\jars\jansi-2.4.0.jar
2023-08-09 22:17:02,114 [Worker-11: Launching mavenrun-84e139a9-0bac-4974-aabd-ed1c9c5f81c6] INFO  o.eclipse.m2e.core.internal.Bundles - 	Entry: C:\Users\GAURANG\.p2\pool\plugins\org.eclipse.m2e.maven.runtime_3.8.604.20221130-2149\jars\maven-artifact-3.8.6.jar
2023-08-09 22:17:02,114 [Worker-11: Launching mavenrun-84e139a9-0bac-4974-aabd-ed1c9c5f81c6] INFO  o.eclipse.m2e.core.internal.Bundles - 	Entry: C:\Users\GAURANG\.p2\pool\plugins\org.eclipse.m2e.maven.runtime_3.8.604.20221130-2149\jars\maven-builder-support-3.8.6.jar
2023-08-09 22:17:02,115 [Worker-11: Launching mavenrun-84e139a9-0bac-4974-aabd-ed1c9c5f81c6] INFO  o.eclipse.m2e.core.internal.Bundles - 	Entry: C:\Users\GAURANG\.p2\pool\plugins\org.eclipse.m2e.maven.runtime_3.8.604.20221130-2149\jars\maven-compat-3.8.6.jar
2023-08-09 22:17:02,115 [Worker-11: Launching mavenrun-84e139a9-0bac-4974-aabd-ed1c9c5f81c6] INFO  o.eclipse.m2e.core.internal.Bundles - 	Entry: C:\Users\GAURANG\.p2\pool\plugins\org.eclipse.m2e.maven.runtime_3.8.604.20221130-2149\jars\maven-core-3.8.6.jar
2023-08-09 22:17:02,115 [Worker-11: Launching mavenrun-84e139a9-0bac-4974-aabd-ed1c9c5f81c6] INFO  o.eclipse.m2e.core.internal.Bundles - 	Entry: C:\Users\GAURANG\.p2\pool\plugins\org.eclipse.m2e.maven.runtime_3.8.604.20221130-2149\jars\maven-embedder-3.8.6.jar
2023-08-09 22:17:02,115 [Worker-11: Launching mavenrun-84e139a9-0bac-4974-aabd-ed1c9c5f81c6] INFO  o.eclipse.m2e.core.internal.Bundles - 	Entry: C:\Users\GAURANG\.p2\pool\plugins\org.eclipse.m2e.maven.runtime_3.8.604.20221130-2149\jars\maven-model-3.8.6.jar
2023-08-09 22:17:02,115 [Worker-11: Launching mavenrun-84e139a9-0bac-4974-aabd-ed1c9c5f81c6] INFO  o.eclipse.m2e.core.internal.Bundles - 	Entry: C:\Users\GAURANG\.p2\pool\plugins\org.eclipse.m2e.maven.runtime_3.8.604.20221130-2149\jars\maven-model-builder-3.8.6.jar
2023-08-09 22:17:02,115 [Worker-11: Launching mavenrun-84e139a9-0bac-4974-aabd-ed1c9c5f81c6] INFO  o.eclipse.m2e.core.internal.Bundles - 	Entry: C:\Users\GAURANG\.p2\pool\plugins\org.eclipse.m2e.maven.runtime_3.8.604.20221130-2149\jars\maven-plugin-api-3.8.6.jar
2023-08-09 22:17:02,116 [Worker-11: Launching mavenrun-84e139a9-0bac-4974-aabd-ed1c9c5f81c6] INFO  o.eclipse.m2e.core.internal.Bundles - 	Entry: C:\Users\GAURANG\.p2\pool\plugins\org.eclipse.m2e.maven.runtime_3.8.604.20221130-2149\jars\maven-repository-metadata-3.8.6.jar
2023-08-09 22:17:02,116 [Worker-11: Launching mavenrun-84e139a9-0bac-4974-aabd-ed1c9c5f81c6] INFO  o.eclipse.m2e.core.internal.Bundles - 	Entry: C:\Users\GAURANG\.p2\pool\plugins\org.eclipse.m2e.maven.runtime_3.8.604.20221130-2149\jars\maven-resolver-api-1.6.3.jar
2023-08-09 22:17:02,116 [Worker-11: Launching mavenrun-84e139a9-0bac-4974-aabd-ed1c9c5f81c6] INFO  o.eclipse.m2e.core.internal.Bundles - 	Entry: C:\Users\GAURANG\.p2\pool\plugins\org.eclipse.m2e.maven.runtime_3.8.604.20221130-2149\jars\maven-resolver-connector-basic-1.6.3.jar
2023-08-09 22:17:02,116 [Worker-11: Launching mavenrun-84e139a9-0bac-4974-aabd-ed1c9c5f81c6] INFO  o.eclipse.m2e.core.internal.Bundles - 	Entry: C:\Users\GAURANG\.p2\pool\plugins\org.eclipse.m2e.maven.runtime_3.8.604.20221130-2149\jars\maven-resolver-impl-1.6.3.jar
2023-08-09 22:17:02,116 [Worker-11: Launching mavenrun-84e139a9-0bac-4974-aabd-ed1c9c5f81c6] INFO  o.eclipse.m2e.core.internal.Bundles - 	Entry: C:\Users\GAURANG\.p2\pool\plugins\org.eclipse.m2e.maven.runtime_3.8.604.20221130-2149\jars\maven-resolver-provider-3.8.6.jar
2023-08-09 22:17:02,116 [Worker-11: Launching mavenrun-84e139a9-0bac-4974-aabd-ed1c9c5f81c6] INFO  o.eclipse.m2e.core.internal.Bundles - 	Entry: C:\Users\GAURANG\.p2\pool\plugins\org.eclipse.m2e.maven.runtime_3.8.604.20221130-2149\jars\maven-resolver-spi-1.6.3.jar
2023-08-09 22:17:02,116 [Worker-11: Launching mavenrun-84e139a9-0bac-4974-aabd-ed1c9c5f81c6] INFO  o.eclipse.m2e.core.internal.Bundles - 	Entry: C:\Users\GAURANG\.p2\pool\plugins\org.eclipse.m2e.maven.runtime_3.8.604.20221130-2149\jars\maven-resolver-transport-wagon-1.6.3.jar
2023-08-09 22:17:02,116 [Worker-11: Launching mavenrun-84e139a9-0bac-4974-aabd-ed1c9c5f81c6] INFO  o.eclipse.m2e.core.internal.Bundles - 	Entry: C:\Users\GAURANG\.p2\pool\plugins\org.eclipse.m2e.maven.runtime_3.8.604.20221130-2149\jars\maven-resolver-util-1.6.3.jar
2023-08-09 22:17:02,117 [Worker-11: Launching mavenrun-84e139a9-0bac-4974-aabd-ed1c9c5f81c6] INFO  o.eclipse.m2e.core.internal.Bundles - 	Entry: C:\Users\GAURANG\.p2\pool\plugins\org.eclipse.m2e.maven.runtime_3.8.604.20221130-2149\jars\maven-settings-3.8.6.jar
2023-08-09 22:17:02,117 [Worker-11: Launching mavenrun-84e139a9-0bac-4974-aabd-ed1c9c5f81c6] INFO  o.eclipse.m2e.core.internal.Bundles - 	Entry: C:\Users\GAURANG\.p2\pool\plugins\org.eclipse.m2e.maven.runtime_3.8.604.20221130-2149\jars\maven-settings-builder-3.8.6.jar
2023-08-09 22:17:02,117 [Worker-11: Launching mavenrun-84e139a9-0bac-4974-aabd-ed1c9c5f81c6] INFO  o.eclipse.m2e.core.internal.Bundles - 	Entry: C:\Users\GAURANG\.p2\pool\plugins\org.eclipse.m2e.maven.runtime_3.8.604.20221130-2149\jars\maven-shared-utils-3.3.4.jar
2023-08-09 22:17:02,117 [Worker-11: Launching mavenrun-84e139a9-0bac-4974-aabd-ed1c9c5f81c6] INFO  o.eclipse.m2e.core.internal.Bundles - 	Entry: C:\Users\GAURANG\.p2\pool\plugins\org.eclipse.m2e.maven.runtime_3.8.604.20221130-2149\jars\okhttp-3.14.1.jar
2023-08-09 22:17:02,117 [Worker-11: Launching mavenrun-84e139a9-0bac-4974-aabd-ed1c9c5f81c6] INFO  o.eclipse.m2e.core.internal.Bundles - 	Entry: C:\Users\GAURANG\.p2\pool\plugins\org.eclipse.m2e.maven.runtime_3.8.604.20221130-2149\jars\okio-1.17.3.jar
2023-08-09 22:17:02,117 [Worker-11: Launching mavenrun-84e139a9-0bac-4974-aabd-ed1c9c5f81c6] INFO  o.eclipse.m2e.core.internal.Bundles - 	Entry: C:\Users\GAURANG\.p2\pool\plugins\org.eclipse.m2e.maven.runtime_3.8.604.20221130-2149\jars\org.eclipse.sisu.inject-0.3.5.jar
2023-08-09 22:17:02,117 [Worker-11: Launching mavenrun-84e139a9-0bac-4974-aabd-ed1c9c5f81c6] INFO  o.eclipse.m2e.core.internal.Bundles - 	Entry: C:\Users\GAURANG\.p2\pool\plugins\org.eclipse.m2e.maven.runtime_3.8.604.20221130-2149\jars\org.eclipse.sisu.plexus-0.3.5.jar
2023-08-09 22:17:02,118 [Worker-11: Launching mavenrun-84e139a9-0bac-4974-aabd-ed1c9c5f81c6] INFO  o.eclipse.m2e.core.internal.Bundles - 	Entry: C:\Users\GAURANG\.p2\pool\plugins\org.eclipse.m2e.maven.runtime_3.8.604.20221130-2149\jars\plexus-build-api-0.0.7.jar
2023-08-09 22:17:02,118 [Worker-11: Launching mavenrun-84e139a9-0bac-4974-aabd-ed1c9c5f81c6] INFO  o.eclipse.m2e.core.internal.Bundles - 	Entry: C:\Users\GAURANG\.p2\pool\plugins\org.eclipse.m2e.maven.runtime_3.8.604.20221130-2149\jars\plexus-cipher-2.0.jar
2023-08-09 22:17:02,118 [Worker-11: Launching mavenrun-84e139a9-0bac-4974-aabd-ed1c9c5f81c6] INFO  o.eclipse.m2e.core.internal.Bundles - 	Entry: C:\Users\GAURANG\.p2\pool\plugins\org.eclipse.m2e.maven.runtime_3.8.604.20221130-2149\jars\plexus-classworlds-2.6.0.jar
2023-08-09 22:17:02,118 [Worker-11: Launching mavenrun-84e139a9-0bac-4974-aabd-ed1c9c5f81c6] INFO  o.eclipse.m2e.core.internal.Bundles - 	Entry: C:\Users\GAURANG\.p2\pool\plugins\org.eclipse.m2e.maven.runtime_3.8.604.20221130-2149\jars\plexus-component-annotations-2.1.0.jar
2023-08-09 22:17:02,118 [Worker-11: Launching mavenrun-84e139a9-0bac-4974-aabd-ed1c9c5f81c6] INFO  o.eclipse.m2e.core.internal.Bundles - 	Entry: C:\Users\GAURANG\.p2\pool\plugins\org.eclipse.m2e.maven.runtime_3.8.604.20221130-2149\jars\plexus-interpolation-1.26.jar
2023-08-09 22:17:02,118 [Worker-11: Launching mavenrun-84e139a9-0bac-4974-aabd-ed1c9c5f81c6] INFO  o.eclipse.m2e.core.internal.Bundles - 	Entry: C:\Users\GAURANG\.p2\pool\plugins\org.eclipse.m2e.maven.runtime_3.8.604.20221130-2149\jars\plexus-sec-dispatcher-2.0.jar
2023-08-09 22:17:02,119 [Worker-11: Launching mavenrun-84e139a9-0bac-4974-aabd-ed1c9c5f81c6] INFO  o.eclipse.m2e.core.internal.Bundles - 	Entry: C:\Users\GAURANG\.p2\pool\plugins\org.eclipse.m2e.maven.runtime_3.8.604.20221130-2149\jars\plexus-utils-3.3.1.jar
2023-08-09 22:17:02,119 [Worker-11: Launching mavenrun-84e139a9-0bac-4974-aabd-ed1c9c5f81c6] INFO  o.eclipse.m2e.core.internal.Bundles - 	Entry: C:\Users\GAURANG\.p2\pool\plugins\org.eclipse.m2e.maven.runtime_3.8.604.20221130-2149\jars\wagon-file-3.5.1.jar
2023-08-09 22:17:02,119 [Worker-11: Launching mavenrun-84e139a9-0bac-4974-aabd-ed1c9c5f81c6] INFO  o.eclipse.m2e.core.internal.Bundles - 	Entry: C:\Users\GAURANG\.p2\pool\plugins\org.eclipse.m2e.maven.runtime_3.8.604.20221130-2149\jars\wagon-provider-api-3.5.1.jar
2023-08-09 22:17:02,120 [Worker-11: Launching mavenrun-84e139a9-0bac-4974-aabd-ed1c9c5f81c6] INFO  o.eclipse.m2e.core.internal.Bundles - getClasspathEntries(Bundle=com.google.guava_30.1.0.v20221112-0806 [10])
2023-08-09 22:17:02,121 [Worker-11: Launching mavenrun-84e139a9-0bac-4974-aabd-ed1c9c5f81c6] INFO  o.eclipse.m2e.core.internal.Bundles - 	Entry: C:\Users\GAURANG\.p2\pool\plugins\com.google.guava_30.1.0.v20221112-0806.jar
2023-08-09 22:17:02,121 [Worker-11: Launching mavenrun-84e139a9-0bac-4974-aabd-ed1c9c5f81c6] INFO  o.eclipse.m2e.core.internal.Bundles - getClasspathEntries(Bundle=slf4j.api_1.7.36 [915])
2023-08-09 22:17:02,122 [Worker-11: Launching mavenrun-84e139a9-0bac-4974-aabd-ed1c9c5f81c6] INFO  o.eclipse.m2e.core.internal.Bundles - 	Entry: C:\Users\GAURANG\.p2\pool\plugins\slf4j.api_1.7.36.jar
2023-08-09 22:17:02,122 [Worker-11: Launching mavenrun-84e139a9-0bac-4974-aabd-ed1c9c5f81c6] INFO  o.eclipse.m2e.core.internal.Bundles - getClasspathEntries(Bundle=javax.inject_1.0.0.v20220405-0441 [32])
2023-08-09 22:17:02,123 [Worker-11: Launching mavenrun-84e139a9-0bac-4974-aabd-ed1c9c5f81c6] INFO  o.eclipse.m2e.core.internal.Bundles - 	Entry: C:\Users\GAURANG\.p2\pool\plugins\javax.inject_1.0.0.v20220405-0441.jar
2023-08-09 22:17:02,123 [Worker-11: Launching mavenrun-84e139a9-0bac-4974-aabd-ed1c9c5f81c6] INFO  o.eclipse.m2e.core.internal.Bundles - getClasspathEntries(Bundle=javax.annotation_1.3.5.v20221112-0806 [30])
2023-08-09 22:17:02,124 [Worker-11: Launching mavenrun-84e139a9-0bac-4974-aabd-ed1c9c5f81c6] INFO  o.eclipse.m2e.core.internal.Bundles - 	Entry: C:\Users\GAURANG\.p2\pool\plugins\javax.annotation_1.3.5.v20221112-0806.jar
2023-08-09 22:17:02,128 [Worker-11: Launching mavenrun-84e139a9-0bac-4974-aabd-ed1c9c5f81c6] INFO  o.e.m.i.launch.MavenLaunchDelegate - Run build in "C:\Users\GAURANG\AppData\Local\Temp\m2e-archetypeGenerator3930062180207433195":
2023-08-09 22:17:02,130 [Worker-11: Launching mavenrun-84e139a9-0bac-4974-aabd-ed1c9c5f81c6] INFO  o.e.m.i.launch.MavenLaunchDelegate -  mvn  -DarchetypeGroupId=org.apache.maven.archetypes -DarchetypeArtifactId=maven-archetype-quickstart -DarchetypeVersion=1.1 -DgroupId=com.spring.jdbc -DartifactId=springjdbc -Dversion=0.0.1-SNAPSHOT -Dpackage=com.spring.jdbc -DoutputDirectory=C:\Users\GAURANG\Desktop\spring -Dstyle.color=always -U archetype:generate
2023-08-09 22:17:16,246 [Worker-5: Creating maven-archetype-quickstart] INFO  o.e.m.c.i.p.ProjectConfigurationManager - Collecting project info '/pom.xml' C:\Users\GAURANG\Desktop\spring\springjdbc\pom.xml
2023-08-09 22:17:16,836 [Worker-5: Creating maven-archetype-quickstart] INFO  o.e.m.c.i.l.LifecycleMappingFactory - Using org.eclipse.m2e.jdt.JarLifecycleMapping lifecycle mapping for MavenProject: com.spring.jdbc:springjdbc:0.0.1-SNAPSHOT @ C:\Users\GAURANG\Desktop\spring\springjdbc\pom.xml.
2023-08-09 22:17:17,104 [Worker-5: Creating maven-archetype-quickstart] INFO  o.e.m.j.i.AbstractJavaProjectConfigurator - Adding source folder /springjdbc/src/main/java
2023-08-09 22:17:17,107 [Worker-5: Creating maven-archetype-quickstart] INFO  o.e.m.j.i.AbstractJavaProjectConfigurator - Adding source folder /springjdbc/src/test/java
2023-08-09 22:17:17,165 [Worker-5: Creating maven-archetype-quickstart] INFO  o.e.m.c.i.p.ProjectConfigurationManager - Imported and configured 1 project(s) in 0 sec
2023-08-09 22:17:17,831 [Worker-6: Building] INFO  o.e.m.c.i.embedder.EclipseLogger - Using 'UTF-8' encoding to copy filtered resources.
2023-08-09 22:17:17,831 [Worker-6: Building] INFO  o.e.m.c.i.embedder.EclipseLogger - skip non existing resourceDirectory C:\Users\GAURANG\Desktop\spring\springjdbc\src\main\resources
2023-08-09 22:17:17,833 [Worker-6: Building] INFO  o.e.m.c.i.embedder.EclipseLogger - Using 'UTF-8' encoding to copy filtered resources.
2023-08-09 22:17:17,833 [Worker-6: Building] INFO  o.e.m.c.i.embedder.EclipseLogger - skip non existing resourceDirectory C:\Users\GAURANG\Desktop\spring\springjdbc\src\test\resources
2023-08-09 22:19:28,273 [Worker-13: Building] INFO  o.e.m.c.i.l.LifecycleMappingFactory - Using org.eclipse.m2e.jdt.JarLifecycleMapping lifecycle mapping for MavenProject: com.spring.jdbc:springjdbc:0.0.1-SNAPSHOT @ C:\Users\GAURANG\Desktop\spring\springjdbc\pom.xml.
2023-08-09 22:19:28,366 [Worker-13: Building] INFO  o.e.m.c.i.embedder.EclipseLogger - Using 'UTF-8' encoding to copy filtered resources.
2023-08-09 22:19:28,366 [Worker-13: Building] INFO  o.e.m.c.i.embedder.EclipseLogger - skip non existing resourceDirectory C:\Users\GAURANG\Desktop\spring\springjdbc\src\main\resources
2023-08-09 22:19:28,366 [Worker-13: Building] INFO  o.e.m.c.i.embedder.EclipseLogger - Using 'UTF-8' encoding to copy filtered resources.
2023-08-09 22:19:28,366 [Worker-13: Building] INFO  o.e.m.c.i.embedder.EclipseLogger - skip non existing resourceDirectory C:\Users\GAURANG\Desktop\spring\springjdbc\src\test\resources
2023-08-09 22:19:29,577 [Worker-26: Building] INFO  o.e.m.c.i.embedder.EclipseLogger - Using 'UTF-8' encoding to copy filtered resources.
2023-08-09 22:19:29,577 [Worker-26: Building] INFO  o.e.m.c.i.embedder.EclipseLogger - skip non existing resourceDirectory C:\Users\GAURANG\Desktop\spring\springjdbc\src\main\resources
2023-08-09 22:19:29,578 [Worker-26: Building] INFO  o.e.m.c.i.embedder.EclipseLogger - Using 'UTF-8' encoding to copy filtered resources.
2023-08-09 22:19:29,578 [Worker-26: Building] INFO  o.e.m.c.i.embedder.EclipseLogger - skip non existing resourceDirectory C:\Users\GAURANG\Desktop\spring\springjdbc\src\test\resources
2023-08-09 22:19:29,729 [Worker-5: Download sources and javadoc] INFO  o.e.m.c.i.e.AbstractTransferListenerAdapter - Downloading https://repo.maven.apache.org/maven2/org/springframework/spring-core/5.3.25/spring-core-5.3.25-sources.jar
2023-08-09 22:19:30,264 [Worker-5: Download sources and javadoc] INFO  o.e.m.c.i.e.AbstractTransferListenerAdapter - Downloaded https://repo.maven.apache.org/maven2/org/springframework/spring-core/5.3.25/spring-core-5.3.25-sources.jar
2023-08-09 22:19:30,266 [Worker-5: Download sources and javadoc] INFO  o.e.m.j.internal.DownloadSourcesJob - Downloaded sources for org.springframework:spring-core:5.3.25
2023-08-09 22:19:30,398 [Worker-5: Download sources and javadoc] INFO  o.e.m.c.i.e.AbstractTransferListenerAdapter - Downloading https://repo.maven.apache.org/maven2/org/springframework/spring-jcl/5.3.25/spring-jcl-5.3.25-sources.jar
2023-08-09 22:19:30,459 [Worker-5: Download sources and javadoc] INFO  o.e.m.c.i.e.AbstractTransferListenerAdapter - Downloaded https://repo.maven.apache.org/maven2/org/springframework/spring-jcl/5.3.25/spring-jcl-5.3.25-sources.jar
2023-08-09 22:19:30,461 [Worker-5: Download sources and javadoc] INFO  o.e.m.j.internal.DownloadSourcesJob - Downloaded sources for org.springframework:spring-jcl:5.3.25
2023-08-09 22:19:30,598 [Worker-5: Download sources and javadoc] INFO  o.e.m.c.i.e.AbstractTransferListenerAdapter - Downloading https://repo.maven.apache.org/maven2/org/springframework/spring-context/5.3.25/spring-context-5.3.25-sources.jar
2023-08-09 22:19:31,002 [Worker-5: Download sources and javadoc] INFO  o.e.m.c.i.e.AbstractTransferListenerAdapter - Downloaded https://repo.maven.apache.org/maven2/org/springframework/spring-context/5.3.25/spring-context-5.3.25-sources.jar
2023-08-09 22:19:31,004 [Worker-5: Download sources and javadoc] INFO  o.e.m.j.internal.DownloadSourcesJob - Downloaded sources for org.springframework:spring-context:5.3.25
2023-08-09 22:19:31,131 [Worker-5: Download sources and javadoc] INFO  o.e.m.c.i.e.AbstractTransferListenerAdapter - Downloading https://repo.maven.apache.org/maven2/org/springframework/spring-aop/5.3.25/spring-aop-5.3.25-sources.jar
2023-08-09 22:19:31,310 [Worker-5: Download sources and javadoc] INFO  o.e.m.c.i.e.AbstractTransferListenerAdapter - Downloaded https://repo.maven.apache.org/maven2/org/springframework/spring-aop/5.3.25/spring-aop-5.3.25-sources.jar
2023-08-09 22:19:31,313 [Worker-5: Download sources and javadoc] INFO  o.e.m.j.internal.DownloadSourcesJob - Downloaded sources for org.springframework:spring-aop:5.3.25
2023-08-09 22:19:31,444 [Worker-5: Download sources and javadoc] INFO  o.e.m.c.i.e.AbstractTransferListenerAdapter - Downloading https://repo.maven.apache.org/maven2/org/springframework/spring-beans/5.3.25/spring-beans-5.3.25-sources.jar
2023-08-09 22:19:31,670 [Worker-5: Download sources and javadoc] INFO  o.e.m.c.i.e.AbstractTransferListenerAdapter - Downloaded https://repo.maven.apache.org/maven2/org/springframework/spring-beans/5.3.25/spring-beans-5.3.25-sources.jar
2023-08-09 22:19:31,672 [Worker-5: Download sources and javadoc] INFO  o.e.m.j.internal.DownloadSourcesJob - Downloaded sources for org.springframework:spring-beans:5.3.25
2023-08-09 22:19:31,803 [Worker-5: Download sources and javadoc] INFO  o.e.m.c.i.e.AbstractTransferListenerAdapter - Downloading https://repo.maven.apache.org/maven2/org/springframework/spring-expression/5.3.25/spring-expression-5.3.25-sources.jar
2023-08-09 22:19:32,040 [Worker-5: Download sources and javadoc] INFO  o.e.m.c.i.e.AbstractTransferListenerAdapter - Downloaded https://repo.maven.apache.org/maven2/org/springframework/spring-expression/5.3.25/spring-expression-5.3.25-sources.jar
2023-08-09 22:19:32,043 [Worker-5: Download sources and javadoc] INFO  o.e.m.j.internal.DownloadSourcesJob - Downloaded sources for org.springframework:spring-expression:5.3.25
2023-08-09 22:19:32,169 [Worker-5: Download sources and javadoc] INFO  o.e.m.c.i.e.AbstractTransferListenerAdapter - Downloading https://repo.maven.apache.org/maven2/org/springframework/spring-jdbc/5.3.25/spring-jdbc-5.3.25-sources.jar
2023-08-09 22:19:32,349 [Worker-5: Download sources and javadoc] INFO  o.e.m.c.i.e.AbstractTransferListenerAdapter - Downloaded https://repo.maven.apache.org/maven2/org/springframework/spring-jdbc/5.3.25/spring-jdbc-5.3.25-sources.jar
2023-08-09 22:19:32,351 [Worker-5: Download sources and javadoc] INFO  o.e.m.j.internal.DownloadSourcesJob - Downloaded sources for org.springframework:spring-jdbc:5.3.25
2023-08-09 22:19:32,488 [Worker-5: Download sources and javadoc] INFO  o.e.m.c.i.e.AbstractTransferListenerAdapter - Downloading https://repo.maven.apache.org/maven2/org/springframework/spring-tx/5.3.25/spring-tx-5.3.25-sources.jar
2023-08-09 22:19:32,657 [Worker-5: Download sources and javadoc] INFO  o.e.m.c.i.e.AbstractTransferListenerAdapter - Downloaded https://repo.maven.apache.org/maven2/org/springframework/spring-tx/5.3.25/spring-tx-5.3.25-sources.jar
2023-08-09 22:19:32,659 [Worker-5: Download sources and javadoc] INFO  o.e.m.j.internal.DownloadSourcesJob - Downloaded sources for org.springframework:spring-tx:5.3.25
2023-08-09 22:19:32,790 [Worker-5: Download sources and javadoc] INFO  o.e.m.c.i.e.AbstractTransferListenerAdapter - Downloading https://repo.maven.apache.org/maven2/mysql/mysql-connector-java/5.1.25/mysql-connector-java-5.1.25-sources.jar
2023-08-09 22:19:33,194 [Worker-5: Download sources and javadoc] INFO  o.e.m.c.i.e.AbstractTransferListenerAdapter - Downloaded https://repo.maven.apache.org/maven2/mysql/mysql-connector-java/5.1.25/mysql-connector-java-5.1.25-sources.jar
2023-08-09 22:19:33,196 [Worker-5: Download sources and javadoc] INFO  o.e.m.j.internal.DownloadSourcesJob - Downloaded sources for mysql:mysql-connector-java:5.1.25
2023-08-09 22:19:33,378 [Worker-5: Building] INFO  o.e.m.c.i.embedder.EclipseLogger - Using 'UTF-8' encoding to copy filtered resources.
2023-08-09 22:19:33,378 [Worker-5: Building] INFO  o.e.m.c.i.embedder.EclipseLogger - skip non existing resourceDirectory C:\Users\GAURANG\Desktop\spring\springjdbc\src\main\resources
2023-08-09 22:19:33,379 [Worker-5: Building] INFO  o.e.m.c.i.embedder.EclipseLogger - Using 'UTF-8' encoding to copy filtered resources.
2023-08-09 22:19:33,379 [Worker-5: Building] INFO  o.e.m.c.i.embedder.EclipseLogger - skip non existing resourceDirectory C:\Users\GAURANG\Desktop\spring\springjdbc\src\test\resources
2023-08-09 22:20:29,284 [Worker-23: Building] INFO  o.e.m.c.i.embedder.EclipseLogger - Using 'UTF-8' encoding to copy filtered resources.
2023-08-09 22:20:29,285 [Worker-23: Building] INFO  o.e.m.c.i.embedder.EclipseLogger - skip non existing resourceDirectory C:\Users\GAURANG\Desktop\spring\springjdbc\src\main\resources
2023-08-09 22:20:29,286 [Worker-23: Building] INFO  o.e.m.c.i.embedder.EclipseLogger - Using 'UTF-8' encoding to copy filtered resources.
2023-08-09 22:20:29,286 [Worker-23: Building] INFO  o.e.m.c.i.embedder.EclipseLogger - skip non existing resourceDirectory C:\Users\GAURANG\Desktop\spring\springjdbc\src\test\resources
2023-08-09 22:20:30,508 [Worker-19: Building] INFO  o.e.m.c.i.embedder.EclipseLogger - Using 'UTF-8' encoding to copy filtered resources.
2023-08-09 22:20:30,508 [Worker-19: Building] INFO  o.e.m.c.i.embedder.EclipseLogger - skip non existing resourceDirectory C:\Users\GAURANG\Desktop\spring\springjdbc\src\main\resources
2023-08-09 22:20:30,509 [Worker-19: Building] INFO  o.e.m.c.i.embedder.EclipseLogger - Using 'UTF-8' encoding to copy filtered resources.
2023-08-09 22:20:30,509 [Worker-19: Building] INFO  o.e.m.c.i.embedder.EclipseLogger - skip non existing resourceDirectory C:\Users\GAURANG\Desktop\spring\springjdbc\src\test\resources
2023-08-09 22:23:34,919 [Worker-10: Building] INFO  o.e.m.c.i.embedder.EclipseLogger - Using 'UTF-8' encoding to copy filtered resources.
2023-08-09 22:23:34,919 [Worker-10: Building] INFO  o.e.m.c.i.embedder.EclipseLogger - skip non existing resourceDirectory C:\Users\GAURANG\Desktop\spring\springjdbc\src\main\resources
2023-08-09 22:23:34,920 [Worker-10: Building] INFO  o.e.m.c.i.embedder.EclipseLogger - Using 'UTF-8' encoding to copy filtered resources.
2023-08-09 22:23:34,920 [Worker-10: Building] INFO  o.e.m.c.i.embedder.EclipseLogger - skip non existing resourceDirectory C:\Users\GAURANG\Desktop\spring\springjdbc\src\test\resources
2023-08-09 22:25:34,872 [Worker-13: Building] INFO  o.e.m.c.i.embedder.EclipseLogger - Using 'UTF-8' encoding to copy filtered resources.
2023-08-09 22:25:34,872 [Worker-13: Building] INFO  o.e.m.c.i.embedder.EclipseLogger - skip non existing resourceDirectory C:\Users\GAURANG\Desktop\spring\springjdbc\src\main\resources
2023-08-09 22:25:34,873 [Worker-13: Building] INFO  o.e.m.c.i.embedder.EclipseLogger - Using 'UTF-8' encoding to copy filtered resources.
2023-08-09 22:25:34,873 [Worker-13: Building] INFO  o.e.m.c.i.embedder.EclipseLogger - skip non existing resourceDirectory C:\Users\GAURANG\Desktop\spring\springjdbc\src\test\resources
2023-08-09 22:26:13,846 [Worker-32: Building] INFO  o.e.m.c.i.embedder.EclipseLogger - Using 'UTF-8' encoding to copy filtered resources.
2023-08-09 22:26:13,846 [Worker-32: Building] INFO  o.e.m.c.i.embedder.EclipseLogger - skip non existing resourceDirectory C:\Users\GAURANG\Desktop\spring\springjdbc\src\main\resources
2023-08-09 22:26:13,847 [Worker-32: Building] INFO  o.e.m.c.i.embedder.EclipseLogger - Using 'UTF-8' encoding to copy filtered resources.
2023-08-09 22:26:13,847 [Worker-32: Building] INFO  o.e.m.c.i.embedder.EclipseLogger - skip non existing resourceDirectory C:\Users\GAURANG\Desktop\spring\springjdbc\src\test\resources
2023-08-09 22:27:14,655 [Worker-18: Building] INFO  o.e.m.c.i.embedder.EclipseLogger - Using 'UTF-8' encoding to copy filtered resources.
2023-08-09 22:27:14,655 [Worker-18: Building] INFO  o.e.m.c.i.embedder.EclipseLogger - skip non existing resourceDirectory C:\Users\GAURANG\Desktop\spring\springjdbc\src\main\resources
2023-08-09 22:27:14,656 [Worker-18: Building] INFO  o.e.m.c.i.embedder.EclipseLogger - Using 'UTF-8' encoding to copy filtered resources.
2023-08-09 22:27:14,656 [Worker-18: Building] INFO  o.e.m.c.i.embedder.EclipseLogger - skip non existing resourceDirectory C:\Users\GAURANG\Desktop\spring\springjdbc\src\test\resources
2023-08-09 22:44:21,954 [Worker-18: Building] INFO  o.e.m.c.i.embedder.EclipseLogger - Using 'UTF-8' encoding to copy filtered resources.
2023-08-09 22:44:21,954 [Worker-18: Building] INFO  o.e.m.c.i.embedder.EclipseLogger - skip non existing resourceDirectory C:\Users\GAURANG\Desktop\spring\springjdbc\src\main\resources
2023-08-09 22:44:21,956 [Worker-18: Building] INFO  o.e.m.c.i.embedder.EclipseLogger - Using 'UTF-8' encoding to copy filtered resources.
2023-08-09 22:44:21,956 [Worker-18: Building] INFO  o.e.m.c.i.embedder.EclipseLogger - skip non existing resourceDirectory C:\Users\GAURANG\Desktop\spring\springjdbc\src\test\resources
2023-08-09 22:54:27,986 [Worker-40: Building] INFO  o.e.m.c.i.embedder.EclipseLogger - Using 'UTF-8' encoding to copy filtered resources.
2023-08-09 22:54:27,987 [Worker-40: Building] INFO  o.e.m.c.i.embedder.EclipseLogger - skip non existing resourceDirectory C:\Users\GAURANG\Desktop\spring\springjdbc\src\main\resources
2023-08-09 22:54:27,987 [Worker-40: Building] INFO  o.e.m.c.i.embedder.EclipseLogger - Using 'UTF-8' encoding to copy filtered resources.
2023-08-09 22:54:27,987 [Worker-40: Building] INFO  o.e.m.c.i.embedder.EclipseLogger - skip non existing resourceDirectory C:\Users\GAURANG\Desktop\spring\springjdbc\src\test\resources
2023-08-09 22:56:39,933 [Worker-42: Building] INFO  o.e.m.c.i.embedder.EclipseLogger - Using 'UTF-8' encoding to copy filtered resources.
2023-08-09 22:56:39,933 [Worker-42: Building] INFO  o.e.m.c.i.embedder.EclipseLogger - skip non existing resourceDirectory C:\Users\GAURANG\Desktop\spring\springjdbc\src\main\resources
2023-08-09 22:56:39,933 [Worker-42: Building] INFO  o.e.m.c.i.embedder.EclipseLogger - Using 'UTF-8' encoding to copy filtered resources.
2023-08-09 22:56:39,934 [Worker-42: Building] INFO  o.e.m.c.i.embedder.EclipseLogger - skip non existing resourceDirectory C:\Users\GAURANG\Desktop\spring\springjdbc\src\test\resources
2023-08-09 22:56:44,143 [Worker-43: Building] INFO  o.e.m.c.i.embedder.EclipseLogger - Using 'UTF-8' encoding to copy filtered resources.
2023-08-09 22:56:44,143 [Worker-43: Building] INFO  o.e.m.c.i.embedder.EclipseLogger - skip non existing resourceDirectory C:\Users\GAURANG\Desktop\spring\springjdbc\src\main\resources
2023-08-09 22:56:44,144 [Worker-43: Building] INFO  o.e.m.c.i.embedder.EclipseLogger - Using 'UTF-8' encoding to copy filtered resources.
2023-08-09 22:56:44,144 [Worker-43: Building] INFO  o.e.m.c.i.embedder.EclipseLogger - skip non existing resourceDirectory C:\Users\GAURANG\Desktop\spring\springjdbc\src\test\resources
2023-08-09 22:57:52,245 [Worker-42: Building] INFO  o.e.m.c.i.embedder.EclipseLogger - Using 'UTF-8' encoding to copy filtered resources.
2023-08-09 22:57:52,246 [Worker-42: Building] INFO  o.e.m.c.i.embedder.EclipseLogger - skip non existing resourceDirectory C:\Users\GAURANG\Desktop\spring\springjdbc\src\main\resources
2023-08-09 22:57:52,246 [Worker-42: Building] INFO  o.e.m.c.i.embedder.EclipseLogger - Using 'UTF-8' encoding to copy filtered resources.
2023-08-09 22:57:52,246 [Worker-42: Building] INFO  o.e.m.c.i.embedder.EclipseLogger - skip non existing resourceDirectory C:\Users\GAURANG\Desktop\spring\springjdbc\src\test\resources
2023-08-09 23:01:59,919 [Worker-40: Building] INFO  o.e.m.c.i.embedder.EclipseLogger - Using 'UTF-8' encoding to copy filtered resources.
2023-08-09 23:01:59,919 [Worker-40: Building] INFO  o.e.m.c.i.embedder.EclipseLogger - skip non existing resourceDirectory C:\Users\GAURANG\Desktop\spring\springjdbc\src\main\resources
2023-08-09 23:01:59,919 [Worker-40: Building] INFO  o.e.m.c.i.embedder.EclipseLogger - Using 'UTF-8' encoding to copy filtered resources.
2023-08-09 23:01:59,919 [Worker-40: Building] INFO  o.e.m.c.i.embedder.EclipseLogger - skip non existing resourceDirectory C:\Users\GAURANG\Desktop\spring\springjdbc\src\test\resources
2023-08-09 23:02:26,748 [Worker-49: Building] INFO  o.e.m.c.i.embedder.EclipseLogger - Using 'UTF-8' encoding to copy filtered resources.
2023-08-09 23:02:26,748 [Worker-49: Building] INFO  o.e.m.c.i.embedder.EclipseLogger - skip non existing resourceDirectory C:\Users\GAURANG\Desktop\spring\springjdbc\src\main\resources
2023-08-09 23:02:26,749 [Worker-49: Building] INFO  o.e.m.c.i.embedder.EclipseLogger - Using 'UTF-8' encoding to copy filtered resources.
2023-08-09 23:02:26,749 [Worker-49: Building] INFO  o.e.m.c.i.embedder.EclipseLogger - skip non existing resourceDirectory C:\Users\GAURANG\Desktop\spring\springjdbc\src\test\resources
2023-08-09 23:02:45,656 [Worker-48: Building] INFO  o.e.m.c.i.embedder.EclipseLogger - Using 'UTF-8' encoding to copy filtered resources.
2023-08-09 23:02:45,656 [Worker-48: Building] INFO  o.e.m.c.i.embedder.EclipseLogger - skip non existing resourceDirectory C:\Users\GAURANG\Desktop\spring\springjdbc\src\main\resources
2023-08-09 23:02:45,656 [Worker-48: Building] INFO  o.e.m.c.i.embedder.EclipseLogger - Using 'UTF-8' encoding to copy filtered resources.
2023-08-09 23:02:45,657 [Worker-48: Building] INFO  o.e.m.c.i.embedder.EclipseLogger - skip non existing resourceDirectory C:\Users\GAURANG\Desktop\spring\springjdbc\src\test\resources
2023-08-09 23:05:28,396 [Worker-43: Building] INFO  o.e.m.c.i.embedder.EclipseLogger - Using 'UTF-8' encoding to copy filtered resources.
2023-08-09 23:05:28,396 [Worker-43: Building] INFO  o.e.m.c.i.embedder.EclipseLogger - skip non existing resourceDirectory C:\Users\GAURANG\Desktop\spring\springjdbc\src\main\resources
2023-08-09 23:05:28,397 [Worker-43: Building] INFO  o.e.m.c.i.embedder.EclipseLogger - Using 'UTF-8' encoding to copy filtered resources.
2023-08-09 23:05:28,397 [Worker-43: Building] INFO  o.e.m.c.i.embedder.EclipseLogger - skip non existing resourceDirectory C:\Users\GAURANG\Desktop\spring\springjdbc\src\test\resources
2023-08-09 23:05:58,205 [Worker-43: Building] INFO  o.e.m.c.i.embedder.EclipseLogger - Using 'UTF-8' encoding to copy filtered resources.
2023-08-09 23:05:58,205 [Worker-43: Building] INFO  o.e.m.c.i.embedder.EclipseLogger - skip non existing resourceDirectory C:\Users\GAURANG\Desktop\spring\springjdbc\src\main\resources
2023-08-09 23:05:58,206 [Worker-43: Building] INFO  o.e.m.c.i.embedder.EclipseLogger - Using 'UTF-8' encoding to copy filtered resources.
2023-08-09 23:05:58,206 [Worker-43: Building] INFO  o.e.m.c.i.embedder.EclipseLogger - skip non existing resourceDirectory C:\Users\GAURANG\Desktop\spring\springjdbc\src\test\resources
2023-08-09 23:08:42,681 [Worker-51: Building] INFO  o.e.m.c.i.embedder.EclipseLogger - Using 'UTF-8' encoding to copy filtered resources.
2023-08-09 23:08:42,681 [Worker-51: Building] INFO  o.e.m.c.i.embedder.EclipseLogger - skip non existing resourceDirectory C:\Users\GAURANG\Desktop\spring\springjdbc\src\main\resources
2023-08-09 23:08:42,681 [Worker-51: Building] INFO  o.e.m.c.i.embedder.EclipseLogger - Using 'UTF-8' encoding to copy filtered resources.
2023-08-09 23:08:42,682 [Worker-51: Building] INFO  o.e.m.c.i.embedder.EclipseLogger - skip non existing resourceDirectory C:\Users\GAURANG\Desktop\spring\springjdbc\src\test\resources
2023-08-09 23:12:55,438 [Worker-50: Building] INFO  o.e.m.c.i.embedder.EclipseLogger - Using 'UTF-8' encoding to copy filtered resources.
2023-08-09 23:12:55,438 [Worker-50: Building] INFO  o.e.m.c.i.embedder.EclipseLogger - skip non existing resourceDirectory C:\Users\GAURANG\Desktop\spring\springjdbc\src\main\resources
2023-08-09 23:12:55,438 [Worker-50: Building] INFO  o.e.m.c.i.embedder.EclipseLogger - Using 'UTF-8' encoding to copy filtered resources.
2023-08-09 23:12:55,438 [Worker-50: Building] INFO  o.e.m.c.i.embedder.EclipseLogger - skip non existing resourceDirectory C:\Users\GAURANG\Desktop\spring\springjdbc\src\test\resources
2023-08-09 23:13:25,034 [Worker-48: Building] INFO  o.e.m.c.i.embedder.EclipseLogger - Using 'UTF-8' encoding to copy filtered resources.
2023-08-09 23:13:25,034 [Worker-48: Building] INFO  o.e.m.c.i.embedder.EclipseLogger - skip non existing resourceDirectory C:\Users\GAURANG\Desktop\spring\springjdbc\src\main\resources
2023-08-09 23:13:25,035 [Worker-48: Building] INFO  o.e.m.c.i.embedder.EclipseLogger - Using 'UTF-8' encoding to copy filtered resources.
2023-08-09 23:13:25,035 [Worker-48: Building] INFO  o.e.m.c.i.embedder.EclipseLogger - skip non existing resourceDirectory C:\Users\GAURANG\Desktop\spring\springjdbc\src\test\resources
2023-08-09 23:20:10,845 [Worker-52: Building] INFO  o.e.m.c.i.embedder.EclipseLogger - Using 'UTF-8' encoding to copy filtered resources.
2023-08-09 23:20:10,845 [Worker-52: Building] INFO  o.e.m.c.i.embedder.EclipseLogger - skip non existing resourceDirectory C:\Users\GAURANG\Desktop\spring\springjdbc\src\main\resources
2023-08-09 23:20:10,846 [Worker-52: Building] INFO  o.e.m.c.i.embedder.EclipseLogger - Using 'UTF-8' encoding to copy filtered resources.
2023-08-09 23:20:10,846 [Worker-52: Building] INFO  o.e.m.c.i.embedder.EclipseLogger - skip non existing resourceDirectory C:\Users\GAURANG\Desktop\spring\springjdbc\src\test\resources
2023-08-09 23:20:14,095 [Worker-57: Building] INFO  o.e.m.c.i.embedder.EclipseLogger - Using 'UTF-8' encoding to copy filtered resources.
2023-08-09 23:20:14,095 [Worker-57: Building] INFO  o.e.m.c.i.embedder.EclipseLogger - skip non existing resourceDirectory C:\Users\GAURANG\Desktop\spring\springjdbc\src\main\resources
2023-08-09 23:20:14,096 [Worker-57: Building] INFO  o.e.m.c.i.embedder.EclipseLogger - Using 'UTF-8' encoding to copy filtered resources.
2023-08-09 23:20:14,096 [Worker-57: Building] INFO  o.e.m.c.i.embedder.EclipseLogger - skip non existing resourceDirectory C:\Users\GAURANG\Desktop\spring\springjdbc\src\test\resources
2023-08-09 23:28:26,210 [Worker-60: Building] INFO  o.e.m.c.i.embedder.EclipseLogger - Using 'UTF-8' encoding to copy filtered resources.
2023-08-09 23:28:26,210 [Worker-60: Building] INFO  o.e.m.c.i.embedder.EclipseLogger - skip non existing resourceDirectory C:\Users\GAURANG\Desktop\spring\springjdbc\src\main\resources
2023-08-09 23:28:26,211 [Worker-60: Building] INFO  o.e.m.c.i.embedder.EclipseLogger - Using 'UTF-8' encoding to copy filtered resources.
2023-08-09 23:28:26,211 [Worker-60: Building] INFO  o.e.m.c.i.embedder.EclipseLogger - skip non existing resourceDirectory C:\Users\GAURANG\Desktop\spring\springjdbc\src\test\resources
2023-08-09 23:28:51,383 [Worker-54: Building] INFO  o.e.m.c.i.embedder.EclipseLogger - Using 'UTF-8' encoding to copy filtered resources.
2023-08-09 23:28:51,383 [Worker-54: Building] INFO  o.e.m.c.i.embedder.EclipseLogger - skip non existing resourceDirectory C:\Users\GAURANG\Desktop\spring\springjdbc\src\main\resources
2023-08-09 23:28:51,384 [Worker-54: Building] INFO  o.e.m.c.i.embedder.EclipseLogger - Using 'UTF-8' encoding to copy filtered resources.
2023-08-09 23:28:51,384 [Worker-54: Building] INFO  o.e.m.c.i.embedder.EclipseLogger - skip non existing resourceDirectory C:\Users\GAURANG\Desktop\spring\springjdbc\src\test\resources
2023-08-09 23:29:07,539 [Worker-60: Building] INFO  o.e.m.c.i.embedder.EclipseLogger - Using 'UTF-8' encoding to copy filtered resources.
2023-08-09 23:29:07,539 [Worker-60: Building] INFO  o.e.m.c.i.embedder.EclipseLogger - skip non existing resourceDirectory C:\Users\GAURANG\Desktop\spring\springjdbc\src\main\resources
2023-08-09 23:29:07,540 [Worker-60: Building] INFO  o.e.m.c.i.embedder.EclipseLogger - Using 'UTF-8' encoding to copy filtered resources.
2023-08-09 23:29:07,540 [Worker-60: Building] INFO  o.e.m.c.i.embedder.EclipseLogger - skip non existing resourceDirectory C:\Users\GAURANG\Desktop\spring\springjdbc\src\test\resources
2023-08-09 23:31:35,048 [Worker-64: Building] INFO  o.e.m.c.i.embedder.EclipseLogger - Using 'UTF-8' encoding to copy filtered resources.
2023-08-09 23:31:35,048 [Worker-64: Building] INFO  o.e.m.c.i.embedder.EclipseLogger - skip non existing resourceDirectory C:\Users\GAURANG\Desktop\spring\springjdbc\src\main\resources
2023-08-09 23:31:35,048 [Worker-64: Building] INFO  o.e.m.c.i.embedder.EclipseLogger - Using 'UTF-8' encoding to copy filtered resources.
2023-08-09 23:31:35,048 [Worker-64: Building] INFO  o.e.m.c.i.embedder.EclipseLogger - skip non existing resourceDirectory C:\Users\GAURANG\Desktop\spring\springjdbc\src\test\resources
2023-08-09 23:31:44,640 [Worker-54: Building] INFO  o.e.m.c.i.embedder.EclipseLogger - Using 'UTF-8' encoding to copy filtered resources.
2023-08-09 23:31:44,640 [Worker-54: Building] INFO  o.e.m.c.i.embedder.EclipseLogger - skip non existing resourceDirectory C:\Users\GAURANG\Desktop\spring\springjdbc\src\main\resources
2023-08-09 23:31:44,641 [Worker-54: Building] INFO  o.e.m.c.i.embedder.EclipseLogger - Using 'UTF-8' encoding to copy filtered resources.
2023-08-09 23:31:44,641 [Worker-54: Building] INFO  o.e.m.c.i.embedder.EclipseLogger - skip non existing resourceDirectory C:\Users\GAURANG\Desktop\spring\springjdbc\src\test\resources
2023-08-09 23:38:07,164 [Worker-64: Building] INFO  o.e.m.c.i.embedder.EclipseLogger - Using 'UTF-8' encoding to copy filtered resources.
2023-08-09 23:38:07,165 [Worker-64: Building] INFO  o.e.m.c.i.embedder.EclipseLogger - skip non existing resourceDirectory C:\Users\GAURANG\Desktop\spring\springjdbc\src\main\resources
2023-08-09 23:38:07,165 [Worker-64: Building] INFO  o.e.m.c.i.embedder.EclipseLogger - Using 'UTF-8' encoding to copy filtered resources.
2023-08-09 23:38:07,165 [Worker-64: Building] INFO  o.e.m.c.i.embedder.EclipseLogger - skip non existing resourceDirectory C:\Users\GAURANG\Desktop\spring\springjdbc\src\test\resources
2023-08-09 23:41:48,127 [Worker-61: Building] INFO  o.e.m.c.i.embedder.EclipseLogger - Using 'UTF-8' encoding to copy filtered resources.
2023-08-09 23:41:48,127 [Worker-61: Building] INFO  o.e.m.c.i.embedder.EclipseLogger - skip non existing resourceDirectory C:\Users\GAURANG\Desktop\spring\springjdbc\src\main\resources
2023-08-09 23:41:48,128 [Worker-61: Building] INFO  o.e.m.c.i.embedder.EclipseLogger - Using 'UTF-8' encoding to copy filtered resources.
2023-08-09 23:41:48,128 [Worker-61: Building] INFO  o.e.m.c.i.embedder.EclipseLogger - skip non existing resourceDirectory C:\Users\GAURANG\Desktop\spring\springjdbc\src\test\resources
2023-08-09 23:42:16,678 [Worker-61: Building] INFO  o.e.m.c.i.embedder.EclipseLogger - Using 'UTF-8' encoding to copy filtered resources.
2023-08-09 23:42:16,678 [Worker-61: Building] INFO  o.e.m.c.i.embedder.EclipseLogger - skip non existing resourceDirectory C:\Users\GAURANG\Desktop\spring\springjdbc\src\main\resources
2023-08-09 23:42:16,679 [Worker-61: Building] INFO  o.e.m.c.i.embedder.EclipseLogger - Using 'UTF-8' encoding to copy filtered resources.
2023-08-09 23:42:16,679 [Worker-61: Building] INFO  o.e.m.c.i.embedder.EclipseLogger - skip non existing resourceDirectory C:\Users\GAURANG\Desktop\spring\springjdbc\src\test\resources
2023-08-09 23:42:55,786 [Worker-64: Building] INFO  o.e.m.c.i.embedder.EclipseLogger - Using 'UTF-8' encoding to copy filtered resources.
2023-08-09 23:42:55,786 [Worker-64: Building] INFO  o.e.m.c.i.embedder.EclipseLogger - skip non existing resourceDirectory C:\Users\GAURANG\Desktop\spring\springjdbc\src\main\resources
2023-08-09 23:42:55,787 [Worker-64: Building] INFO  o.e.m.c.i.embedder.EclipseLogger - Using 'UTF-8' encoding to copy filtered resources.
2023-08-09 23:42:55,787 [Worker-64: Building] INFO  o.e.m.c.i.embedder.EclipseLogger - skip non existing resourceDirectory C:\Users\GAURANG\Desktop\spring\springjdbc\src\test\resources
2023-08-09 23:47:20,752 [Worker-67: Building] INFO  o.e.m.c.i.embedder.EclipseLogger - Using 'UTF-8' encoding to copy filtered resources.
2023-08-09 23:47:20,753 [Worker-67: Building] INFO  o.e.m.c.i.embedder.EclipseLogger - skip non existing resourceDirectory C:\Users\GAURANG\Desktop\spring\springjdbc\src\main\resources
2023-08-09 23:47:20,753 [Worker-67: Building] INFO  o.e.m.c.i.embedder.EclipseLogger - Using 'UTF-8' encoding to copy filtered resources.
2023-08-09 23:47:20,753 [Worker-67: Building] INFO  o.e.m.c.i.embedder.EclipseLogger - skip non existing resourceDirectory C:\Users\GAURANG\Desktop\spring\springjdbc\src\test\resources
2023-08-09 23:49:10,348 [Worker-67: Building] INFO  o.e.m.c.i.embedder.EclipseLogger - Using 'UTF-8' encoding to copy filtered resources.
2023-08-09 23:49:10,349 [Worker-67: Building] INFO  o.e.m.c.i.embedder.EclipseLogger - skip non existing resourceDirectory C:\Users\GAURANG\Desktop\spring\springjdbc\src\main\resources
2023-08-09 23:49:10,349 [Worker-67: Building] INFO  o.e.m.c.i.embedder.EclipseLogger - Using 'UTF-8' encoding to copy filtered resources.
2023-08-09 23:49:10,349 [Worker-67: Building] INFO  o.e.m.c.i.embedder.EclipseLogger - skip non existing resourceDirectory C:\Users\GAURANG\Desktop\spring\springjdbc\src\test\resources
2023-08-09 23:51:29,518 [Worker-66: Building] INFO  o.e.m.c.i.embedder.EclipseLogger - Using 'UTF-8' encoding to copy filtered resources.
2023-08-09 23:51:29,518 [Worker-66: Building] INFO  o.e.m.c.i.embedder.EclipseLogger - skip non existing resourceDirectory C:\Users\GAURANG\Desktop\spring\springjdbc\src\main\resources
2023-08-09 23:51:29,519 [Worker-66: Building] INFO  o.e.m.c.i.embedder.EclipseLogger - Using 'UTF-8' encoding to copy filtered resources.
2023-08-09 23:51:29,519 [Worker-66: Building] INFO  o.e.m.c.i.embedder.EclipseLogger - skip non existing resourceDirectory C:\Users\GAURANG\Desktop\spring\springjdbc\src\test\resources
2023-08-09 23:55:40,806 [Worker-65: Building] INFO  o.e.m.c.i.embedder.EclipseLogger - Using 'UTF-8' encoding to copy filtered resources.
2023-08-09 23:55:40,806 [Worker-65: Building] INFO  o.e.m.c.i.embedder.EclipseLogger - skip non existing resourceDirectory C:\Users\GAURANG\Desktop\spring\springjdbc\src\main\resources
2023-08-09 23:55:40,807 [Worker-65: Building] INFO  o.e.m.c.i.embedder.EclipseLogger - Using 'UTF-8' encoding to copy filtered resources.
2023-08-09 23:55:40,807 [Worker-65: Building] INFO  o.e.m.c.i.embedder.EclipseLogger - skip non existing resourceDirectory C:\Users\GAURANG\Desktop\spring\springjdbc\src\test\resources
2023-08-09 23:56:22,057 [Worker-66: Building] INFO  o.e.m.c.i.embedder.EclipseLogger - Using 'UTF-8' encoding to copy filtered resources.
2023-08-09 23:56:22,057 [Worker-66: Building] INFO  o.e.m.c.i.embedder.EclipseLogger - skip non existing resourceDirectory C:\Users\GAURANG\Desktop\spring\springjdbc\src\main\resources
2023-08-09 23:56:22,058 [Worker-66: Building] INFO  o.e.m.c.i.embedder.EclipseLogger - Using 'UTF-8' encoding to copy filtered resources.
2023-08-09 23:56:22,058 [Worker-66: Building] INFO  o.e.m.c.i.embedder.EclipseLogger - skip non existing resourceDirectory C:\Users\GAURANG\Desktop\spring\springjdbc\src\test\resources
2023-08-09 23:57:05,951 [Worker-65: Building] INFO  o.e.m.c.i.embedder.EclipseLogger - Using 'UTF-8' encoding to copy filtered resources.
2023-08-09 23:57:05,951 [Worker-65: Building] INFO  o.e.m.c.i.embedder.EclipseLogger - skip non existing resourceDirectory C:\Users\GAURANG\Desktop\spring\springjdbc\src\main\resources
2023-08-09 23:57:05,953 [Worker-65: Building] INFO  o.e.m.c.i.embedder.EclipseLogger - Using 'UTF-8' encoding to copy filtered resources.
2023-08-09 23:57:05,953 [Worker-65: Building] INFO  o.e.m.c.i.embedder.EclipseLogger - skip non existing resourceDirectory C:\Users\GAURANG\Desktop\spring\springjdbc\src\test\resources
2023-08-09 23:58:13,062 [Worker-67: Building] INFO  o.e.m.c.i.embedder.EclipseLogger - Using 'UTF-8' encoding to copy filtered resources.
2023-08-09 23:58:13,062 [Worker-67: Building] INFO  o.e.m.c.i.embedder.EclipseLogger - skip non existing resourceDirectory C:\Users\GAURANG\Desktop\spring\springjdbc\src\main\resources
2023-08-09 23:58:13,063 [Worker-67: Building] INFO  o.e.m.c.i.embedder.EclipseLogger - Using 'UTF-8' encoding to copy filtered resources.
2023-08-09 23:58:13,063 [Worker-67: Building] INFO  o.e.m.c.i.embedder.EclipseLogger - skip non existing resourceDirectory C:\Users\GAURANG\Desktop\spring\springjdbc\src\test\resources
2023-08-10 00:00:00,740 [Worker-68: Building] INFO  o.e.m.c.i.embedder.EclipseLogger - Using 'UTF-8' encoding to copy filtered resources.
2023-08-10 00:00:00,740 [Worker-68: Building] INFO  o.e.m.c.i.embedder.EclipseLogger - skip non existing resourceDirectory C:\Users\GAURANG\Desktop\spring\springjdbc\src\main\resources
2023-08-10 00:00:00,741 [Worker-68: Building] INFO  o.e.m.c.i.embedder.EclipseLogger - Using 'UTF-8' encoding to copy filtered resources.
2023-08-10 00:00:00,741 [Worker-68: Building] INFO  o.e.m.c.i.embedder.EclipseLogger - skip non existing resourceDirectory C:\Users\GAURANG\Desktop\spring\springjdbc\src\test\resources
2023-08-20 11:16:07,502 [Worker-2: Loading available Gradle versions] INFO  o.e.b.c.i.u.g.PublishedGradleVersions - Gradle version information cache is out-of-date. Trying to update.
2023-08-20 12:35:05,072 [Worker-13: Building] INFO  o.e.m.c.i.embedder.EclipseLogger - Using 'UTF-8' encoding to copy filtered resources.
2023-08-20 12:35:05,073 [Worker-13: Building] INFO  o.e.m.c.i.embedder.EclipseLogger - skip non existing resourceDirectory C:\Users\GAURANG\Desktop\spring\springjdbc\src\main\resources
2023-08-20 12:35:05,076 [Worker-13: Building] INFO  o.e.m.c.i.embedder.EclipseLogger - Using 'UTF-8' encoding to copy filtered resources.
2023-08-20 12:35:05,076 [Worker-13: Building] INFO  o.e.m.c.i.embedder.EclipseLogger - skip non existing resourceDirectory C:\Users\GAURANG\Desktop\spring\springjdbc\src\test\resources
2023-08-20 12:40:43,951 [Worker-29: Building] INFO  o.e.m.c.i.embedder.EclipseLogger - Using 'UTF-8' encoding to copy filtered resources.
2023-08-20 12:40:43,951 [Worker-29: Building] INFO  o.e.m.c.i.embedder.EclipseLogger - skip non existing resourceDirectory C:\Users\GAURANG\Desktop\spring\springjdbc\src\main\resources
2023-08-20 12:40:43,952 [Worker-29: Building] INFO  o.e.m.c.i.embedder.EclipseLogger - Using 'UTF-8' encoding to copy filtered resources.
2023-08-20 12:40:43,953 [Worker-29: Building] INFO  o.e.m.c.i.embedder.EclipseLogger - skip non existing resourceDirectory C:\Users\GAURANG\Desktop\spring\springjdbc\src\test\resources
2023-08-20 12:42:02,636 [Worker-31: Building] INFO  o.e.m.c.i.embedder.EclipseLogger - Using 'UTF-8' encoding to copy filtered resources.
2023-08-20 12:42:02,636 [Worker-31: Building] INFO  o.e.m.c.i.embedder.EclipseLogger - skip non existing resourceDirectory C:\Users\GAURANG\Desktop\spring\springjdbc\src\main\resources
2023-08-20 12:42:02,637 [Worker-31: Building] INFO  o.e.m.c.i.embedder.EclipseLogger - Using 'UTF-8' encoding to copy filtered resources.
2023-08-20 12:42:02,637 [Worker-31: Building] INFO  o.e.m.c.i.embedder.EclipseLogger - skip non existing resourceDirectory C:\Users\GAURANG\Desktop\spring\springjdbc\src\test\resources
2023-08-20 12:42:55,749 [Worker-32: Building] INFO  o.e.m.c.i.embedder.EclipseLogger - Using 'UTF-8' encoding to copy filtered resources.
2023-08-20 12:42:55,750 [Worker-32: Building] INFO  o.e.m.c.i.embedder.EclipseLogger - skip non existing resourceDirectory C:\Users\GAURANG\Desktop\spring\springjdbc\src\main\resources
2023-08-20 12:42:55,751 [Worker-32: Building] INFO  o.e.m.c.i.embedder.EclipseLogger - Using 'UTF-8' encoding to copy filtered resources.
2023-08-20 12:42:55,751 [Worker-32: Building] INFO  o.e.m.c.i.embedder.EclipseLogger - skip non existing resourceDirectory C:\Users\GAURANG\Desktop\spring\springjdbc\src\test\resources
2023-08-20 12:44:02,865 [Worker-29: Building] INFO  o.e.m.c.i.embedder.EclipseLogger - Using 'UTF-8' encoding to copy filtered resources.
2023-08-20 12:44:02,865 [Worker-29: Building] INFO  o.e.m.c.i.embedder.EclipseLogger - skip non existing resourceDirectory C:\Users\GAURANG\Desktop\spring\springjdbc\src\main\resources
2023-08-20 12:44:02,867 [Worker-29: Building] INFO  o.e.m.c.i.embedder.EclipseLogger - Using 'UTF-8' encoding to copy filtered resources.
2023-08-20 12:44:02,867 [Worker-29: Building] INFO  o.e.m.c.i.embedder.EclipseLogger - skip non existing resourceDirectory C:\Users\GAURANG\Desktop\spring\springjdbc\src\test\resources
2023-08-20 12:46:19,732 [Worker-32: Building] INFO  o.e.m.c.i.embedder.EclipseLogger - Using 'UTF-8' encoding to copy filtered resources.
2023-08-20 12:46:19,732 [Worker-32: Building] INFO  o.e.m.c.i.embedder.EclipseLogger - skip non existing resourceDirectory C:\Users\GAURANG\Desktop\spring\springjdbc\src\main\resources
2023-08-20 12:46:19,733 [Worker-32: Building] INFO  o.e.m.c.i.embedder.EclipseLogger - Using 'UTF-8' encoding to copy filtered resources.
2023-08-20 12:46:19,734 [Worker-32: Building] INFO  o.e.m.c.i.embedder.EclipseLogger - skip non existing resourceDirectory C:\Users\GAURANG\Desktop\spring\springjdbc\src\test\resources
2023-08-20 12:48:53,434 [Worker-33: Building] INFO  o.e.m.c.i.embedder.EclipseLogger - Using 'UTF-8' encoding to copy filtered resources.
2023-08-20 12:48:53,434 [Worker-33: Building] INFO  o.e.m.c.i.embedder.EclipseLogger - skip non existing resourceDirectory C:\Users\GAURANG\Desktop\spring\springjdbc\src\main\resources
2023-08-20 12:48:53,435 [Worker-33: Building] INFO  o.e.m.c.i.embedder.EclipseLogger - Using 'UTF-8' encoding to copy filtered resources.
2023-08-20 12:48:53,435 [Worker-33: Building] INFO  o.e.m.c.i.embedder.EclipseLogger - skip non existing resourceDirectory C:\Users\GAURANG\Desktop\spring\springjdbc\src\test\resources
2023-08-20 12:51:10,532 [Worker-35: Building] INFO  o.e.m.c.i.embedder.EclipseLogger - Using 'UTF-8' encoding to copy filtered resources.
2023-08-20 12:51:10,533 [Worker-35: Building] INFO  o.e.m.c.i.embedder.EclipseLogger - skip non existing resourceDirectory C:\Users\GAURANG\Desktop\spring\springjdbc\src\main\resources
2023-08-20 12:51:10,534 [Worker-35: Building] INFO  o.e.m.c.i.embedder.EclipseLogger - Using 'UTF-8' encoding to copy filtered resources.
2023-08-20 12:51:10,534 [Worker-35: Building] INFO  o.e.m.c.i.embedder.EclipseLogger - skip non existing resourceDirectory C:\Users\GAURANG\Desktop\spring\springjdbc\src\test\resources
2023-08-20 12:56:21,646 [Worker-37: Building] INFO  o.e.m.c.i.embedder.EclipseLogger - Using 'UTF-8' encoding to copy filtered resources.
2023-08-20 12:56:21,646 [Worker-37: Building] INFO  o.e.m.c.i.embedder.EclipseLogger - skip non existing resourceDirectory C:\Users\GAURANG\Desktop\spring\springjdbc\src\main\resources
2023-08-20 12:56:21,647 [Worker-37: Building] INFO  o.e.m.c.i.embedder.EclipseLogger - Using 'UTF-8' encoding to copy filtered resources.
2023-08-20 12:56:21,647 [Worker-37: Building] INFO  o.e.m.c.i.embedder.EclipseLogger - skip non existing resourceDirectory C:\Users\GAURANG\Desktop\spring\springjdbc\src\test\resources
2023-08-20 13:01:49,189 [Worker-35: Building] INFO  o.e.m.c.i.embedder.EclipseLogger - Using 'UTF-8' encoding to copy filtered resources.
2023-08-20 13:01:49,189 [Worker-35: Building] INFO  o.e.m.c.i.embedder.EclipseLogger - skip non existing resourceDirectory C:\Users\GAURANG\Desktop\spring\springjdbc\src\main\resources
2023-08-20 13:01:49,190 [Worker-35: Building] INFO  o.e.m.c.i.embedder.EclipseLogger - Using 'UTF-8' encoding to copy filtered resources.
2023-08-20 13:01:49,190 [Worker-35: Building] INFO  o.e.m.c.i.embedder.EclipseLogger - skip non existing resourceDirectory C:\Users\GAURANG\Desktop\spring\springjdbc\src\test\resources
2023-08-20 13:08:09,097 [Worker-38: Building] INFO  o.e.m.c.i.embedder.EclipseLogger - Using 'UTF-8' encoding to copy filtered resources.
2023-08-20 13:08:09,097 [Worker-38: Building] INFO  o.e.m.c.i.embedder.EclipseLogger - skip non existing resourceDirectory C:\Users\GAURANG\Desktop\spring\springjdbc\src\main\resources
2023-08-20 13:08:09,097 [Worker-38: Building] INFO  o.e.m.c.i.embedder.EclipseLogger - Using 'UTF-8' encoding to copy filtered resources.
2023-08-20 13:08:09,098 [Worker-38: Building] INFO  o.e.m.c.i.embedder.EclipseLogger - skip non existing resourceDirectory C:\Users\GAURANG\Desktop\spring\springjdbc\src\test\resources
2023-08-20 13:09:26,390 [Worker-35: Building] INFO  o.e.m.c.i.embedder.EclipseLogger - Using 'UTF-8' encoding to copy filtered resources.
2023-08-20 13:09:26,390 [Worker-35: Building] INFO  o.e.m.c.i.embedder.EclipseLogger - skip non existing resourceDirectory C:\Users\GAURANG\Desktop\spring\springjdbc\src\main\resources
2023-08-20 13:09:26,391 [Worker-35: Building] INFO  o.e.m.c.i.embedder.EclipseLogger - Using 'UTF-8' encoding to copy filtered resources.
2023-08-20 13:09:26,391 [Worker-35: Building] INFO  o.e.m.c.i.embedder.EclipseLogger - skip non existing resourceDirectory C:\Users\GAURANG\Desktop\spring\springjdbc\src\test\resources
2023-08-20 13:10:55,963 [Worker-35: Building] INFO  o.e.m.c.i.embedder.EclipseLogger - Using 'UTF-8' encoding to copy filtered resources.
2023-08-20 13:10:55,963 [Worker-35: Building] INFO  o.e.m.c.i.embedder.EclipseLogger - skip non existing resourceDirectory C:\Users\GAURANG\Desktop\spring\springjdbc\src\main\resources
2023-08-20 13:10:55,963 [Worker-35: Building] INFO  o.e.m.c.i.embedder.EclipseLogger - Using 'UTF-8' encoding to copy filtered resources.
2023-08-20 13:10:55,963 [Worker-35: Building] INFO  o.e.m.c.i.embedder.EclipseLogger - skip non existing resourceDirectory C:\Users\GAURANG\Desktop\spring\springjdbc\src\test\resources
2023-08-20 18:21:37,324 [Worker-2: Loading available Gradle versions] INFO  o.e.b.c.i.u.g.PublishedGradleVersions - Gradle version information cache is up-to-date. Trying to read.
2023-08-20 18:22:07,274 [Worker-2: Building] INFO  o.e.m.c.i.embedder.EclipseLogger - Using 'UTF-8' encoding to copy filtered resources.
2023-08-20 18:22:07,276 [Worker-2: Building] INFO  o.e.m.c.i.embedder.EclipseLogger - skip non existing resourceDirectory C:\Users\GAURANG\Desktop\spring\springjdbc\src\main\resources
2023-08-20 18:22:07,278 [Worker-2: Building] INFO  o.e.m.c.i.embedder.EclipseLogger - Using 'UTF-8' encoding to copy filtered resources.
2023-08-20 18:22:07,278 [Worker-2: Building] INFO  o.e.m.c.i.embedder.EclipseLogger - skip non existing resourceDirectory C:\Users\GAURANG\Desktop\spring\springjdbc\src\test\resources
